The battle horn sounded and the people were already fully equipped and ready to go.
They deserve it, that's what they asked for.
We can strive for strength only when we are confident and improved ourselves, my fellow citizens! Qin Shi Huang will unify China! Zheng Chenggong will recover Taiwan! In order to carry on with the far vision, insight and strong will of our predecessors, it is our responsibility!
We need shows in life, but to show that you are embraced by someone is really p.
To put it plainly, nowadays the stars are just popular prostitiators in ancient times. Since they are now famous prostitutes, it should be just normal to drink with or even sleep with some high officials.
Pity, but who to blame? That's not easy for those stars.
4. Accelerating research and deployment of high-speed ICBMs with a range of more than 10,000 nautical miles that could break any missile defense system.
Shaking that piece of land trembling far away from its motherland now, moaning and calling, let us carry forward forward with courage what the previous generals had no wish to fulfill, fellow Citizens!
Just like those million dead souls that lost their lives wandered over the Pacific Ocean and found it difficult to rest in peace.
We don't want to make enemies, but we don't want war either, we never were afraid of war, but we weren't afraid of war.
9. The right to pre-emptively strike is retained in the event of a threat to national security.
In the Northeast, Japanese Unit 731 mercilessly experimented on the human body with extremely brutal methods on Chinese, Korean and other living people. A big bloody battle in Hengyang and Changsha bare the bones of the dead and killed everything. The Nanjing Massacre added an ever-faint layer of blood to the ancient capital.
Let the horses drink from the Pacific Ocean.
Starring people have lots of contracts and if they work well, their sources of money will roll in (a forced out or even a frame will come off her heel if she doesn't tack well).
"We must urgently arrange arms and strengthen all military forces in land, sea and air."
The women were birds and beasts, and the men were worse than they were.
They are the very people from the nine lower professions.
2. Create a few battle groups of nuclear-powered aircraft carriers
When can China have pure innocent girls?
Sometimes a very normal dinner party, that seems to us ordinary people, can not be that simple for the stars as we imagine.
Stop talking to others, just behave yourself.
Pledge to fight to death in defense of the Diaoyu Islands and the related islands.
From time to time, many stirring scenes of heroic and tragic, of Shining spears and armored horses have agitated the strings of thoughts in my memory.
The two kinds are the smart and the starful. That first kind always held very high integrity and sternly rejected all such invitations.
We bitterly lost our "Ryukyu Islands".
I don't think you should blame 288 for creating those people.
It is a 55 mph zone with 75-100 cars daily, how long?
But this situation has hammered home the validity of a state audit report that found CTB and VDOT funded transportation projects based on the best lobbying rather than on a comprehensive plan for transportation between the states.
In fact, that may have been all sufficient reason to build it on its own.
One gallon of gas can go for about $10.
And making this worse, Senator Chichester and his toadies are pouring more money into this flawed institution.
When's the last time you stuck in traffic not once but twice going into some sort of business?
Anonymous 6:37 - You have every right to live in the country if you wish to.
I am truly baffled by this urban living infatuation.
No wonder we suffer congestion problems: Our road expenditure is not matching business or state economic increase.
Because the VDOT spent all their friggin money on 288 thanks to local politicians and boosters.
In debates over 288, nothing else is consistently overlooked that could be spent.
You might think that was an irrational use of land.
Solution: a functioning human settlement pattern and a transportation system's capacity to balance travel demand generated by land use.
If we recognize that roads are primarily beneficial to business, then we should do two things:
Need for new roads will soar after scattered subdivision development and approval of a mega- commercial project at 288's intersection with major roads.
But 288 is definitely an excess with a glaring need in other parts of the state.
We can develop as a commercial company and work closer to life.
Richmond hardly has traffic.
Ray Hyde, My comments are directed at the investors who lobbied to have the road placed near their properties and at the incompetent systems that funded these requests whether they were linked to master transportation plans or not.
I don't exactly understand how exactly I'm supposed to keep a horse in a 1/4 acre lot.
Virginia Department of Transportation resident engineer Dale Totten noted that if the state had more money, the department would have four lanes of roads at a cost of about $13 million.
Of course, businesses will pay more for our transportation bills, and even if that means more travel overall, incentivize them to locate themselves wherever they are least stressed by the system.
In Virginia, it is to benefit a private business plan, not to serve the public interest.
Others chose where to work and live, while a limited access highway could relieve traffic for drivers between Chesterfield County and Goochland County, back and forth.
It should be so much better.
People can help you if you tell them.
Or should I take the advice of the close ones around me and just keep an eye on anxiety until anxiety becomes a problem?
Self-harm does not define who you are, remember.
It happens most often when it does carry many things but rarely, and it still checks many times a day, even daily - is this OCD to any extent?
I think about it every day.
I began to feel irrational panic at a variety of things which I hadn't worried too much beforehand and which didn't even come to mind as something to ring alarm bells in my head.
They healed and then I cut them with a staple of my school robbery - a razor.
Are any of you having a similar ritual?
Tell your ex all communication needs to go through a lawyer.
I could not cope with her outburst and hateful and nasty remarks while I was at home.
Well this really is such a bad attitude, of course you might have respect if you were nice, but you just weren't nice enough to the point where you'd let them do anytyhing to you, that's not nice, but that's a fool.
I want him there for his son, but he doesn't need me too.
I've spoken to a few people about it myself including my parents, but they're the same people who think I'm going into a random phase and should have held off taking action until it was clear there was a serious problem.
So wondering what would be best to do.
My mum spit out of hell too.
Also, strong. You can do it. I found it saveable by writing poetry and keeping journals.
I started cutting each individual finger with a scissors when I was 7, and never stopped from that day.
I used to walk on my toes but that was because I was born with strange under-curled toes that had to be straightened through surgery two years ago.
I believe every child needs both parents, whether they be together or not.
But he has no one. His family didn't get along with him and they had their own issues.
I've struggled emotionally for the majority of my life, since moving to Secondary School I've lost my dad when I was around 9, and I used to always blame that for my feelings (I've had two periods of counselling in my life, from around December 2009 until around March this year, roughly 15 months).
I had to deal with verbal abuse from my dad for 8 years before I came to uni and honestly the only reason I'm here is because it was the only way out.
I would try focusing on something that guarantees making you smile or feel happier as soon as you start feeling a bit panicked by anything.
But over the past month-two, I've found myself becoming really anxious about things, and I'm not talking about mere feelings of nervous from blue.
As of this weekend, hotel rooms are available.
There's a Holiday Inn ( 343-0888) that works with the Red Cross that cost $49 and $59 a night located at 8901 Business Park Drive.
Goodwill Industries expects a massive amount of clothing and other items donated so if you are in Austin and planning on donating stuff, now is the time.
A fierce tornado swept through eastern Wuwei County in China's Anhui province Tuesday night, killing 16 people and injuring 162.
Local doctors worry about the hygiene issue as thousands of homeless victims' urine disposal develops and also constitutes a threat to thousands of dead and unresolved bodies in health views.
Among the three survivors, Lu Shimin said it was the first time two of them had climbed such a mountain.
The Capital Area Food Bank is able to use donations and volunteers.
After going look for a source of the foul odor in their house, William and Nancy Scott, a woman and her parents, found the decomposing body of their first baby in their closet.
We are in La Plaine, Bon Repos, Moleya, Ruelle Mackendi and 40 Impasse celeste.
I don't know when the last time I ate anything was, clearly.
The new from a Jew in the affected area is that some theodics contradict the theological idiocy of "free float".
wipe · baby toy · changing table · diaper genies · bed rail · futon · sheet towel · nursing wear · new mom cloth · elastic ·...
"We have no water, food and shelter.
List of evacuees and where they are from if you need news about your loved ones
"The living conditions for us are not good in our place of impasse.
We need supplies: comfortable nursing chair, rockingers, foot stool, boppies, sling, baby cloths, diapers...
Vivendi Universal is negotiating to sell its flagship theme park to New York investment firm Blackstone Group in the first step to dismantle its entertainment empire, according to the Times.
We died of thirst at 25 bis Martisan ( Doctors without Frontiers had brought food and water to us).
At least 33 dead in Rajasthan floods
Shalom will fly afterwards to London for talks with British prime minister Tony Blair and Foreign Secretary Jack Straw.
"Seven bodies, including three in Renhe township and four in Qinlan, were found in the debris of collapsed buildings," the state disaster relief office said in a statement released Wednesday.
"We got doctors and water, but no food, thankfully we found shelter in Andre Street, Brochet 99, where there is a church."
● Jewish Family Services (512-250-1043) is coordinating counselling and housing assistance.
How can we find help and food in Rue Menos and Fontamara 43?
Chretien told reporters Monday he would discuss with Bush a wide range of issues including Iraq and the upcoming summit of the industrial powerful Group of Eight, and aid for Africa, which Bush has not spoken to since late February.
International; crime; Government; narcotics
The six-week period of prenegotiation was a period during which Iran did not add centrifuges and the West refrains from promoting a fourth round of economic sanctions against Iran before the UN Security Council.
Georgian President Mikheil Saakashvili accused Russia of a well-planned invasion.
Chavez's weapons deals with Russia, his curbing of military cooperation with Russia and his plans to train as many as two million civilians to repel a possible imperialist invasion worry the United States and Chavez's domestic critics as a former military officer.
China and Kyrgyzstan said in a communique that peace, stability and a just and rational world should be established on the basis of the UN Charter, the norms and principles of international law and political and economic order.
There was a package of incentives the US endorsed to cease production of enriched uranium.
Arms control experts criticized the new nuclear activity plan released by Iran and the International Atomic Energy Agency of the U.N. as ineffective and dangerous.
Wen stated that the Chinese government will support enterprises investing in Germany through loans, insurance, foreign exchange, finance and investment.
French President Jacques Chirac became the first western leader to visit the top-secret Russian space control center in Krasnoznamernsk named Titov.
The state of emergency expired on the evening of 28 August 2002 and the Nepal Government has yet to decide to reimpose it.
The Institute for Science and International Security is a Washington-based private research organization.
Wen stated that China and Europe have similar positions on the issue of reconstruction of Iraq.
The Chinese Academy of Sciences has established the University of Science and Technology of China.
The report claimed all the men who were trained in the military were over the age of 18.
The explosion damaged the windowspane of approximately a dozen shops and injured two customers.
International; money; crime; human rights; Government; narcotics; politics; leader
In the communique, China and Kyrgyzstan further agreed to conform the purpose and principle of the Shanghai Cooperation Organization with reality, and that development trends and activities would be conducive to regional peace and stability.
Tang stated that the Chinese government has signed a multilateral pact on anti-drug cooperation.
Iran's latest nuclear technology development shows that the country is facing a complex diplomatic and technical challenge facing President-elect Barack Obama's incoming foreign policy team to stop Iran from mastering technology that could be used to manufacture and deliver nuclear weapons.
Diplomats stated to the media on November 14, 2008 that officials from the United States, Europe, Russia and China reached an agreement to act further to persuade Iran to halt uranium enrichment at the United States nuclear facility in Natanz during a meeting in Paris on November 13, 2008.
Somali pirates hijacking Ukrainian freighter carrying large arms cargo approached a deal to release the ship.
Montesinos was alleged to run a bribery network.
Peruvian military documents disclosing links between former head of intelligence Montesinos and drug trafficking.
The policemen who were killed and wounded were all in the first vehicle.
The dispute could renew a sustained conflict in the Caucasus.
Furthermore, he hoped that all athletes would fully demonstrate the strength and skills they cultivate every day because as representatives of Japan, they should honestly compete against athletes from various countries.
He said that he agreed with Huaqing Liu's opinion that Thailand and China should further develop economic and trade cooperation in various forms.
The 2nd Le Tian Cup for Go starts today in Fushan, Korea's second largest city.
Looks like we'll still need more outdoor training.
Huaqing Liu said, the Chinese and Thai people had traditional friendship, and the Sino - Thai relationship was also very friendly.
The preliminary women's polo competition today ended with Hungary defeating Canada 13 - 7, France defeating Brazil 10 - 9, Australia defeated Germany 10 - 8, Russia defeated the Dutch 7 - 6, the United States defeated Kazakhstan 10 - 5 and Italy defeated New Zealand 12 - 2.
He expressed hope for Central Asia to be stable and developing and for the continuous improvement of the people's living standards.
In the script broadcast today titled "Gulagewasulen prepares for the Far South Sports Meet - Mongolia's handicapped athletes prepare for the Far South Sports Meet," the name should be changed to "Gulagewasulen, chairman of the Sports Association" at the end of the third paragraph.
Peng Li hoped Kyrgyz news media would relay greetings from the Chinese to the Kyrgyz people.
However, the Chinese team performed better today and won the match.
He feels that there will be more new competitors from our country who will take part in this competition.
In the preliminary competition for the 1 meter diving platform, Lan Wei and Sheng Chen already gained heat rights this morning.
Akayev highly commended the results of the conference with Peng Li.
Mingxia Fu and Bin Chi, female divers of the Chinese diving team, in the first six rounds of the preliminary competition for the 7th World Swimming Championships held here today, were ideal performances, and there were sighted hope of entering the heat.
Both sides have 7 players in the go-go match today that are competing.
The result of a competition between Weiping Nie of the Chinese team and XunXuan Cao of the Korean team would determine the final result if the two drew 7-7 according to rules discussed and agreed by both sides.
In a telephone interview with reporters, Runan Wang, leader of the Chinese delegation, presented that the Chinese team was stronger in overall speaking than the Korean team.
The preliminary to the 7th World Swimming Championship for diving boards was held here this morning.
They still lack experience in international competition.
Weiping Nie of the Chinese team defeated Guibing Cui of the Korean team in the 9th round, Xiaoguang Liu of the Chinese team defeated Xiuying Zhang of the Korean team, Hao Chang of the Chinese team defeated Fengzhu Xu of the Korean team, and Dayuan Cao of the Chinese team defeated Xuange Lin of the 6th level.
Chavalit said he was extremely happy to meet Vice Chairman Liu.
These reporters feel that the Japanese Handicapped Sports Team has been well trained, disciplined and possesses fighting spirit because of a tight, orderly, warm and serious ceremony for the swearing in.
He expressed that this visit by Premier Peng Li would promote the peace and security of Central Asia.
The 6 documents include the agreement to make loans to the Kyrgyz government, the agreement to form a combined economy and trade committee, the note exchange on presenting materials to Kyrgyzia, the agreement to cooperate in culture between the two countries, the ratification letter on the exchange of a consul treaty between the two countries and the agreement to cooperate with China's Trade Promotion Council and the Chamber of Industry and Commerce of China.
In the first round of the competition, the Chinese team defeated the Korean team, which was relatively stronger than China's 4 - 3.