\BOOKMARK [1][-]{section.1}{Introduction}{}% 1
\BOOKMARK [1][-]{section.2}{AMR concepts}{}% 2
\BOOKMARK [1][-]{section.3}{From Semantic Representation to Syntactic Representation}{}% 3
\BOOKMARK [2][-]{subsection.3.1}{Polarity}{section.3}% 4
\BOOKMARK [2][-]{subsection.3.2}{Inverse Roles}{section.3}% 5
\BOOKMARK [2][-]{subsection.3.3}{Non-Core Roles}{section.3}% 6
\BOOKMARK [2][-]{subsection.3.4}{Special concepts}{section.3}% 7
\BOOKMARK [2][-]{subsection.3.5}{Pronoun generation}{section.3}% 8
\BOOKMARK [2][-]{subsection.3.6}{Passive and other peculiarities}{section.3}% 9
\BOOKMARK [2][-]{subsection.3.7}{Verbalization and Reification}{section.3}% 10
\BOOKMARK [2][-]{subsection.3.8}{Unknown Role or Concept}{section.3}% 11
\BOOKMARK [2][-]{subsection.3.9}{Conclusion}{section.3}% 12
\BOOKMARK [1][-]{section.4}{Implementation}{}% 13
\BOOKMARK [1][-]{section.5}{Evaluation}{}% 14
\BOOKMARK [2][-]{subsection.5.1}{Development Evaluation}{section.5}% 15
\BOOKMARK [1][-]{section.6}{Future Work}{}% 16
\BOOKMARK [2][-]{subsection.6.1}{Suggestions for AMR Developers}{section.6}% 17
\BOOKMARK [1][-]{section.7}{Conclusion}{}% 18
\BOOKMARK [1][-]{section.8}{Appendix}{}% 19
\BOOKMARK [2][-]{subsection.8.1}{Some AMRs with output produced by some generators}{section.8}% 20
\BOOKMARK [2][-]{subsection.8.2}{Python Implementation of Lambda Application}{section.8}% 21
